<?xml version="1.0" encoding="UTF-8"?>
<!-- Generated by org.testng.reporters.JUnitReportReporter -->
<testsuite hostname="D-INE-BQ57BS2" failures="0" tests="1" name="runner.runner2" time="10.783" errors="0" timestamp="2023-11-03T17:13:32 IST" skipped="0">
  <testcase classname="runner.runner2" name="runScenario" time="10.783"/>
</testsuite> <!-- runner.runner2 -->
